<?xml version="1.0" encoding="UTF-8"?>
<!-- Generated by org.testng.reporters.JUnitReportReporter -->
<testsuite skipped="0" hostname="vmt10285" name="com.valuemomentum.retail.testautomation.utils.DataUtility" tests="1" failures="0" timestamp="2021-03-22T21:10:53 IST" time="0.543" errors="0">
  <testcase name="readData" time="0.543" classname="com.valuemomentum.retail.testautomation.utils.DataUtility"/>
  <system-out/>
</testsuite> <!-- com.valuemomentum.retail.testautomation.utils.DataUtility -->
