<?xml version="1.0" encoding="UTF-8"?>
<!-- Generated by org.testng.reporters.JUnitReportReporter -->
<testsuite skipped="0" hostname="vmt10285" name="com.valuemomentum.retail.testautomation.SampleTest2" tests="1" failures="0" timestamp="2021-03-17T12:44:47 IST" time="29.083" errors="0">
  <testcase name="verifylogin" time="29.083" classname="com.valuemomentum.retail.testautomation.SampleTest2"/>
  <system-out/>
</testsuite> <!-- com.valuemomentum.retail.testautomation.SampleTest2 -->
