<?xml version="1.0" encoding="UTF-8"?>
<!-- Generated by org.testng.reporters.JUnitReportReporter -->
<testsuite skipped="0" hostname="vmt10285" name="com.valuemomentum.retail.testautomation.SampleTest4" tests="1" failures="0" timestamp="2021-03-17T12:41:46 IST" time="19.875" errors="0">
  <testcase name="verify" time="19.875" classname="com.valuemomentum.retail.testautomation.SampleTest4"/>
  <system-out/>
</testsuite> <!-- com.valuemomentum.retail.testautomation.SampleTest4 -->
