<?xml version="1.0" encoding="UTF-8"?>
<!-- Generated by org.testng.reporters.JUnitReportReporter -->
<testsuite skipped="0" hostname="vmt10285" name="com.valuemomentum.retail.testautomation.Framework" tests="6" failures="0" timestamp="2021-03-17T20:25:20 IST" time="7.878" errors="0">
  <testcase name="verifyLogin" time="2.511" classname="com.valuemomentum.retail.testautomation.Framework"/>
  <system-out/>
  <testcase name="verifyLogin" time="0.778" classname="com.valuemomentum.retail.testautomation.Framework"/>
  <system-out/>
  <testcase name="verifyLogin" time="0.644" classname="com.valuemomentum.retail.testautomation.Framework"/>
  <system-out/>
  <testcase name="verifyLogin" time="0.596" classname="com.valuemomentum.retail.testautomation.Framework"/>
  <system-out/>
  <testcase name="verifyLogin" time="0.604" classname="com.valuemomentum.retail.testautomation.Framework"/>
  <system-out/>
  <testcase name="verifyLocators" time="2.745" classname="com.valuemomentum.retail.testautomation.Framework"/>
  <system-out/>
</testsuite> <!-- com.valuemomentum.retail.testautomation.Framework -->
